2026-05-25T18:47:27.544+07:00  INFO 5096 --- [Session9_Bai1] [restartedMain] c.re.session9.Session9Bai1Application    : Starting Session9Bai1Application using Java 17.0.16 with PID 5096 (D:\RIKKEI\Java_Web_Service\Session10_TH\Session9_Bai1\build\classes\java\main started by Admin in D:\RIKKEI\Java_Web_Service\Session10_TH\Session9_Bai1)
2026-05-25T18:47:27.549+07:00  INFO 5096 --- [Session9_Bai1] [restartedMain] c.re.session9.Session9Bai1Application    : No active profile set, falling back to 1 default profile: "default"
2026-05-25T18:47:27.622+07:00  INFO 5096 --- [Session9_Bai1] [restartedMain] .e.DevToolsPropertyDefaultsPostProcessor : Devtools property defaults active! Set 'spring.devtools.add-properties' to 'false' to disable
2026-05-25T18:47:27.623+07:00  INFO 5096 --- [Session9_Bai1] [restartedMain] .e.DevToolsPropertyDefaultsPostProcessor : For additional web related logging consider setting the 'logging.level.web' property to 'DEBUG'
2026-05-25T18:47:28.335+07:00  INFO 5096 --- [Session9_Bai1] [restartedMain] .s.d.r.c.RepositoryConfigurationDelegate : Bootstrapping Spring Data JPA repositories in DEFAULT mode.
2026-05-25T18:47:28.357+07:00  INFO 5096 --- [Session9_Bai1] [restartedMain] .s.d.r.c.RepositoryConfigurationDelegate : Finished Spring Data repository scanning in 12 ms. Found 0 JPA repository interfaces.
2026-05-25T18:47:28.810+07:00  INFO 5096 --- [Session9_Bai1] [restartedMain] o.s.boot.tomcat.TomcatWebServer          : Tomcat initialized with port 8080 (http)
2026-05-25T18:47:28.822+07:00  INFO 5096 --- [Session9_Bai1] [restartedMain] o.apache.catalina.core.StandardService   : Starting service [Tomcat]
2026-05-25T18:47:28.823+07:00  INFO 5096 --- [Session9_Bai1] [restartedMain] o.apache.catalina.core.StandardEngine    : Starting Servlet engine: [Apache Tomcat/11.0.21]
2026-05-25T18:47:28.875+07:00  INFO 5096 --- [Session9_Bai1] [restartedMain] b.w.c.s.WebApplicationContextInitializer : Root WebApplicationContext: initialization completed in 1252 ms
2026-05-25T18:47:29.009+07:00  INFO 5096 --- [Session9_Bai1] [restartedMain] org.hibernate.orm.jpa                    : HHH008540: Processing PersistenceUnitInfo [name: default]
2026-05-25T18:47:29.054+07:00  INFO 5096 --- [Session9_Bai1] [restartedMain] org.hibernate.orm.core                   : HHH000001: Hibernate ORM core version 7.2.12.Final
2026-05-25T18:47:29.488+07:00  INFO 5096 --- [Session9_Bai1] [restartedMain] o.s.o.j.p.SpringPersistenceUnitInfo      : No LoadTimeWeaver setup: ignoring JPA class transformer
2026-05-25T18:47:29.515+07:00  INFO 5096 --- [Session9_Bai1] [restartedMain] com.zaxxer.hikari.HikariDataSource       : HikariPool-1 - Starting...
2026-05-25T18:47:29.763+07:00  INFO 5096 --- [Session9_Bai1] [restartedMain] com.zaxxer.hikari.pool.HikariPool        : HikariPool-1 - Added connection com.mysql.cj.jdbc.ConnectionImpl@9400465
2026-05-25T18:47:29.764+07:00  INFO 5096 --- [Session9_Bai1] [restartedMain] com.zaxxer.hikari.HikariDataSource       : HikariPool-1 - Start completed.
2026-05-25T18:47:29.810+07:00  WARN 5096 --- [Session9_Bai1] [restartedMain] org.hibernate.orm.deprecation            : HHH90000025: MySQLDialect does not need to be specified explicitly using 'hibernate.dialect' (remove the property setting and it will be selected by default)
2026-05-25T18:47:29.823+07:00  INFO 5096 --- [Session9_Bai1] [restartedMain] org.hibernate.orm.connections.pooling    : HHH10001005: Database info:
	Database JDBC URL [jdbc:mysql://localhost:3306/session9?createDatabaseIfNotExist=true]
	Database driver: MySQL Connector/J
	Database dialect: MySQLDialect
	Database version: 8.0.44
	Default catalog/schema: session9/undefined
	Autocommit mode: undefined/unknown
	Isolation level: REPEATABLE_READ [default REPEATABLE_READ]
	JDBC fetch size: none
	Pool: DataSourceConnectionProvider
	Minimum pool size: undefined/unknown
	Maximum pool size: undefined/unknown
2026-05-25T18:47:30.119+07:00  INFO 5096 --- [Session9_Bai1] [restartedMain] org.hibernate.orm.core                   : HHH000489: No JTA platform available (set 'hibernate.transaction.jta.platform' to enable JTA platform integration)
2026-05-25T18:47:30.128+07:00  INFO 5096 --- [Session9_Bai1] [restartedMain] j.LocalContainerEntityManagerFactoryBean : Initialized JPA EntityManagerFactory for persistence unit 'default'
2026-05-25T18:47:30.189+07:00  WARN 5096 --- [Session9_Bai1] [restartedMain] JpaBaseConfiguration$JpaWebConfiguration : spring.jpa.open-in-view is enabled by default. Therefore, database queries may be performed during view rendering. Explicitly configure spring.jpa.open-in-view to disable this warning
2026-05-25T18:47:30.462+07:00  INFO 5096 --- [Session9_Bai1] [restartedMain] o.s.boot.tomcat.TomcatWebServer          : Tomcat started on port 8080 (http) with context path '/'
2026-05-25T18:47:30.470+07:00  INFO 5096 --- [Session9_Bai1] [restartedMain] c.re.session9.Session9Bai1Application    : Started Session9Bai1Application in 3.433 seconds (process running for 3.944)
2026-05-25T18:47:49.746+07:00  INFO 5096 --- [Session9_Bai1] [http-nio-8080-exec-1] o.a.c.c.C.[Tomcat].[localhost].[/]       : Initializing Spring DispatcherServlet 'dispatcherServlet'
2026-05-25T18:47:49.747+07:00  INFO 5096 --- [Session9_Bai1] [http-nio-8080-exec-1] o.s.web.servlet.DispatcherServlet        : Initializing Servlet 'dispatcherServlet'
2026-05-25T18:47:49.748+07:00  INFO 5096 --- [Session9_Bai1] [http-nio-8080-exec-1] o.s.web.servlet.DispatcherServlet        : Completed initialization in 1 ms
2026-05-25T18:47:49.827+07:00  WARN 5096 --- [Session9_Bai1] [http-nio-8080-exec-1] .w.s.m.s.DefaultHandlerExceptionResolver : Resolved [org.springframework.web.bind.MissingServletRequestParameterException: Required request parameter 'userId' for method parameter type String is not present]
2026-05-25T18:47:57.558+07:00  WARN 5096 --- [Session9_Bai1] [http-nio-8080-exec-4] .w.s.m.s.DefaultHandlerExceptionResolver : Resolved [org.springframework.web.bind.MissingServletRequestParameterException: Required request parameter 'userId' for method parameter type String is not present]
2026-05-25T18:48:26.793+07:00  INFO 5096 --- [Session9_Bai1] [http-nio-8080-exec-9] c.re.session9.service.FlashSaleService   : Đang xử lý mã: 12345 cho user: U001
2026-05-25T18:49:24.383+07:00  INFO 5096 --- [Session9_Bai1] [SpringApplicationShutdownHook] o.s.boot.tomcat.GracefulShutdown         : Commencing graceful shutdown. Waiting for active requests to complete
2026-05-25T18:49:24.488+07:00  INFO 5096 --- [Session9_Bai1] [tomcat-shutdown] o.s.boot.tomcat.GracefulShutdown         : Graceful shutdown complete
2026-05-25T18:49:24.492+07:00  INFO 5096 --- [Session9_Bai1] [SpringApplicationShutdownHook] j.LocalContainerEntityManagerFactoryBean : Closing JPA EntityManagerFactory for persistence unit 'default'
2026-05-25T18:49:24.494+07:00  INFO 5096 --- [Session9_Bai1] [SpringApplicationShutdownHook] com.zaxxer.hikari.HikariDataSource       : HikariPool-1 - Shutdown initiated...
2026-05-25T18:49:24.501+07:00  INFO 5096 --- [Session9_Bai1] [SpringApplicationShutdownHook] com.zaxxer.hikari.HikariDataSource       : HikariPool-1 - Shutdown completed.
